0 info it worked if it ends with ok
1 verbose cli [ 'node', '/usr/local/bin/npm', 'update', '-g', 'firebase-tools' ]
2 info using npm@1.3.24
3 info using node@v0.10.25
4 verbose url raw firebase-tools/latest
5 verbose url resolving [ 'https://registry.npmjs.org/', './firebase-tools/latest' ]
6 verbose url resolved https://registry.npmjs.org/firebase-tools/latest
7 info trying registry request attempt 1 at 11:12:22
8 verbose etag "7XZ7TFM951EZ1460AOBRRAQAI"
9 http GET https://registry.npmjs.org/firebase-tools/latest
10 http 200 https://registry.npmjs.org/firebase-tools/latest
11 silly registry.get cb [ 200,
11 silly registry.get   { date: 'Sat, 25 Oct 2014 15:12:23 GMT',
11 silly registry.get     server: 'CouchDB/1.5.0 (Erlang OTP/R16B03)',
11 silly registry.get     etag: '"43QI9QI7QAUS5D5A3BPDGCKEK"',
11 silly registry.get     'content-type': 'application/json',
11 silly registry.get     'cache-control': 'max-age=60',
11 silly registry.get     'content-length': '1453',
11 silly registry.get     'accept-ranges': 'bytes',
11 silly registry.get     via: '1.1 varnish',
11 silly registry.get     age: '0',
11 silly registry.get     'x-served-by': 'cache-jfk1034-JFK',
11 silly registry.get     'x-cache': 'MISS',
11 silly registry.get     'x-cache-hits': '0',
11 silly registry.get     'x-timer': 'S1414249943.418803,VS0,VE90',
11 silly registry.get     vary: 'Accept',
11 silly registry.get     'keep-alive': 'timeout=10, max=50',
11 silly registry.get     connection: 'Keep-Alive' } ]
12 verbose cache add [ 'firebase-tools', '*' ]
13 verbose cache add name="firebase-tools" spec="*" args=["firebase-tools","*"]
14 verbose parsed url { protocol: null,
14 verbose parsed url   slashes: null,
14 verbose parsed url   auth: null,
14 verbose parsed url   host: null,
14 verbose parsed url   port: null,
14 verbose parsed url   hostname: null,
14 verbose parsed url   hash: null,
14 verbose parsed url   search: null,
14 verbose parsed url   query: null,
14 verbose parsed url   pathname: '*',
14 verbose parsed url   path: '*',
14 verbose parsed url   href: '*' }
15 verbose addNamed [ 'firebase-tools', '*' ]
16 verbose addNamed [ null, '*' ]
17 silly lockFile cedaa1af-firebase-tools firebase-tools@*
18 verbose lock firebase-tools@* /Users/Chris/.npm/cedaa1af-firebase-tools.lock
19 silly addNameRange { name: 'firebase-tools', range: '*', hasData: false }
20 verbose url raw firebase-tools
21 verbose url resolving [ 'https://registry.npmjs.org/', './firebase-tools' ]
22 verbose url resolved https://registry.npmjs.org/firebase-tools
23 info trying registry request attempt 1 at 11:12:23
24 verbose etag "7XZ7TFM951EZ1460AOBRRAQAI"
25 http GET https://registry.npmjs.org/firebase-tools
26 http 200 https://registry.npmjs.org/firebase-tools
27 silly registry.get cb [ 200,
27 silly registry.get   { date: 'Sat, 25 Oct 2014 15:12:23 GMT',
27 silly registry.get     server: 'CouchDB/1.5.0 (Erlang OTP/R16B03)',
27 silly registry.get     etag: '"43QI9QI7QAUS5D5A3BPDGCKEK"',
27 silly registry.get     'content-type': 'application/json',
27 silly registry.get     'cache-control': 'max-age=60',
27 silly registry.get     'content-length': '36853',
27 silly registry.get     'accept-ranges': 'bytes',
27 silly registry.get     via: '1.1 varnish',
27 silly registry.get     age: '0',
27 silly registry.get     'x-served-by': 'cache-jfk1031-JFK',
27 silly registry.get     'x-cache': 'MISS',
27 silly registry.get     'x-cache-hits': '0',
27 silly registry.get     'x-timer': 'S1414249943.657994,VS0,VE83',
27 silly registry.get     vary: 'Accept',
27 silly registry.get     'keep-alive': 'timeout=10, max=50',
27 silly registry.get     connection: 'Keep-Alive' } ]
28 silly addNameRange number 2 { name: 'firebase-tools', range: '*', hasData: true }
29 silly addNameRange versions [ 'firebase-tools',
29 silly addNameRange   [ '0.0.1',
29 silly addNameRange     '0.0.2',
29 silly addNameRange     '0.0.3',
29 silly addNameRange     '0.0.4',
29 silly addNameRange     '0.0.5',
29 silly addNameRange     '0.0.6',
29 silly addNameRange     '0.1.0',
29 silly addNameRange     '0.1.1',
29 silly addNameRange     '0.1.2',
29 silly addNameRange     '0.1.3',
29 silly addNameRange     '0.1.4',
29 silly addNameRange     '0.1.5',
29 silly addNameRange     '0.1.6',
29 silly addNameRange     '0.2.0',
29 silly addNameRange     '0.3.0',
29 silly addNameRange     '0.4.0',
29 silly addNameRange     '0.5.0',
29 silly addNameRange     '1.0.0',
29 silly addNameRange     '1.0.1',
29 silly addNameRange     '1.0.2',
29 silly addNameRange     '1.0.3',
29 silly addNameRange     '1.0.4',
29 silly addNameRange     '1.0.5',
29 silly addNameRange     '1.0.6',
29 silly addNameRange     '1.1.0',
29 silly addNameRange     '1.1.1',
29 silly addNameRange     '1.1.2',
29 silly addNameRange     '1.1.3' ] ]
30 verbose addNamed [ 'firebase-tools', '1.1.3' ]
31 verbose addNamed [ '1.1.3', '1.1.3' ]
32 silly lockFile 64cbcf67-firebase-tools-1-1-3 firebase-tools@1.1.3
33 verbose lock firebase-tools@1.1.3 /Users/Chris/.npm/64cbcf67-firebase-tools-1-1-3.lock
34 silly lockFile 63d3333c-e-tools-firebase-tools-1-1-3-tgz https://registry.npmjs.org/firebase-tools/-/firebase-tools-1.1.3.tgz
35 verbose lock https://registry.npmjs.org/firebase-tools/-/firebase-tools-1.1.3.tgz /Users/Chris/.npm/63d3333c-e-tools-firebase-tools-1-1-3-tgz.lock
36 verbose addRemoteTarball [ 'https://registry.npmjs.org/firebase-tools/-/firebase-tools-1.1.3.tgz',
36 verbose addRemoteTarball   '843f267da82f7ec7c39e54cf38a4b5eb8c82b580' ]
37 info retry fetch attempt 1 at 11:12:23
38 verbose fetch to= /var/folders/64/ydwcllpj2r5cqxfq4nzj0q0h0000gn/T/npm-620-ftbqweKJ/1414249943372-0.13213169621303678/tmp.tgz
39 http GET https://registry.npmjs.org/firebase-tools/-/firebase-tools-1.1.3.tgz
40 http 200 https://registry.npmjs.org/firebase-tools/-/firebase-tools-1.1.3.tgz
41 verbose tar unpack /var/folders/64/ydwcllpj2r5cqxfq4nzj0q0h0000gn/T/npm-620-ftbqweKJ/1414249943372-0.13213169621303678/tmp.tgz
42 silly lockFile a98ff6f3-3372-0-13213169621303678-package tar:///var/folders/64/ydwcllpj2r5cqxfq4nzj0q0h0000gn/T/npm-620-ftbqweKJ/1414249943372-0.13213169621303678/package
43 verbose lock tar:///var/folders/64/ydwcllpj2r5cqxfq4nzj0q0h0000gn/T/npm-620-ftbqweKJ/1414249943372-0.13213169621303678/package /Users/Chris/.npm/a98ff6f3-3372-0-13213169621303678-package.lock
44 silly lockFile 3d802dd3-3372-0-13213169621303678-tmp-tgz tar:///var/folders/64/ydwcllpj2r5cqxfq4nzj0q0h0000gn/T/npm-620-ftbqweKJ/1414249943372-0.13213169621303678/tmp.tgz
45 verbose lock tar:///var/folders/64/ydwcllpj2r5cqxfq4nzj0q0h0000gn/T/npm-620-ftbqweKJ/1414249943372-0.13213169621303678/tmp.tgz /Users/Chris/.npm/3d802dd3-3372-0-13213169621303678-tmp-tgz.lock
46 silly gunzTarPerm modes [ '755', '644' ]
47 silly gunzTarPerm extractEntry package.json
48 silly gunzTarPerm extractEntry .npmignore
49 silly gunzTarPerm extractEntry README.md
50 silly gunzTarPerm extractEntry CHANGELOG.md
51 silly gunzTarPerm extractEntry bin/firebase
52 silly gunzTarPerm extractEntry lib/api.js
53 silly gunzTarPerm extractEntry lib/app.js
54 silly gunzTarPerm extractEntry lib/auth.js
55 silly gunzTarPerm extractEntry lib/firebase.js
56 silly gunzTarPerm extractEntry lib/help.js
57 silly gunzTarPerm extractEntry lib/upload.js
58 silly gunzTarPerm extractEntry release.sh
59 silly lockFile a98ff6f3-3372-0-13213169621303678-package tar:///var/folders/64/ydwcllpj2r5cqxfq4nzj0q0h0000gn/T/npm-620-ftbqweKJ/1414249943372-0.13213169621303678/package
60 silly lockFile a98ff6f3-3372-0-13213169621303678-package tar:///var/folders/64/ydwcllpj2r5cqxfq4nzj0q0h0000gn/T/npm-620-ftbqweKJ/1414249943372-0.13213169621303678/package
61 silly lockFile 3d802dd3-3372-0-13213169621303678-tmp-tgz tar:///var/folders/64/ydwcllpj2r5cqxfq4nzj0q0h0000gn/T/npm-620-ftbqweKJ/1414249943372-0.13213169621303678/tmp.tgz
62 silly lockFile 3d802dd3-3372-0-13213169621303678-tmp-tgz tar:///var/folders/64/ydwcllpj2r5cqxfq4nzj0q0h0000gn/T/npm-620-ftbqweKJ/1414249943372-0.13213169621303678/tmp.tgz
63 verbose tar pack [ '/Users/Chris/.npm/firebase-tools/1.1.3/package.tgz',
63 verbose tar pack   '/var/folders/64/ydwcllpj2r5cqxfq4nzj0q0h0000gn/T/npm-620-ftbqweKJ/1414249943372-0.13213169621303678/package' ]
64 verbose tarball /Users/Chris/.npm/firebase-tools/1.1.3/package.tgz
65 verbose folder /var/folders/64/ydwcllpj2r5cqxfq4nzj0q0h0000gn/T/npm-620-ftbqweKJ/1414249943372-0.13213169621303678/package
66 silly lockFile a98ff6f3-3372-0-13213169621303678-package tar:///var/folders/64/ydwcllpj2r5cqxfq4nzj0q0h0000gn/T/npm-620-ftbqweKJ/1414249943372-0.13213169621303678/package
67 verbose lock tar:///var/folders/64/ydwcllpj2r5cqxfq4nzj0q0h0000gn/T/npm-620-ftbqweKJ/1414249943372-0.13213169621303678/package /Users/Chris/.npm/a98ff6f3-3372-0-13213169621303678-package.lock
68 silly lockFile b78f0d56-firebase-tools-1-1-3-package-tgz tar:///Users/Chris/.npm/firebase-tools/1.1.3/package.tgz
69 verbose lock tar:///Users/Chris/.npm/firebase-tools/1.1.3/package.tgz /Users/Chris/.npm/b78f0d56-firebase-tools-1-1-3-package-tgz.lock
70 silly lockFile a98ff6f3-3372-0-13213169621303678-package tar:///var/folders/64/ydwcllpj2r5cqxfq4nzj0q0h0000gn/T/npm-620-ftbqweKJ/1414249943372-0.13213169621303678/package
71 silly lockFile a98ff6f3-3372-0-13213169621303678-package tar:///var/folders/64/ydwcllpj2r5cqxfq4nzj0q0h0000gn/T/npm-620-ftbqweKJ/1414249943372-0.13213169621303678/package
72 silly lockFile b78f0d56-firebase-tools-1-1-3-package-tgz tar:///Users/Chris/.npm/firebase-tools/1.1.3/package.tgz
73 silly lockFile b78f0d56-firebase-tools-1-1-3-package-tgz tar:///Users/Chris/.npm/firebase-tools/1.1.3/package.tgz
74 silly lockFile e1629dae-npm-firebase-tools-1-1-3-package /Users/Chris/.npm/firebase-tools/1.1.3/package
75 verbose lock /Users/Chris/.npm/firebase-tools/1.1.3/package /Users/Chris/.npm/e1629dae-npm-firebase-tools-1-1-3-package.lock
76 silly lockFile e1629dae-npm-firebase-tools-1-1-3-package /Users/Chris/.npm/firebase-tools/1.1.3/package
77 silly lockFile e1629dae-npm-firebase-tools-1-1-3-package /Users/Chris/.npm/firebase-tools/1.1.3/package
78 verbose tar unpack /Users/Chris/.npm/firebase-tools/1.1.3/package.tgz
79 silly lockFile 8bca8a93-npm-firebase-tools-1-1-3-package tar:///Users/Chris/.npm/firebase-tools/1.1.3/package
80 verbose lock tar:///Users/Chris/.npm/firebase-tools/1.1.3/package /Users/Chris/.npm/8bca8a93-npm-firebase-tools-1-1-3-package.lock
81 silly lockFile b78f0d56-firebase-tools-1-1-3-package-tgz tar:///Users/Chris/.npm/firebase-tools/1.1.3/package.tgz
82 verbose lock tar:///Users/Chris/.npm/firebase-tools/1.1.3/package.tgz /Users/Chris/.npm/b78f0d56-firebase-tools-1-1-3-package-tgz.lock
83 silly gunzTarPerm modes [ '755', '644' ]
84 silly gunzTarPerm extractEntry package.json
85 silly gunzTarPerm extractEntry .npmignore
86 silly gunzTarPerm extractEntry README.md
87 silly gunzTarPerm extractEntry CHANGELOG.md
88 silly gunzTarPerm extractEntry bin/firebase
89 silly gunzTarPerm extractEntry lib/api.js
90 silly gunzTarPerm extractEntry lib/app.js
91 silly gunzTarPerm extractEntry lib/auth.js
92 silly gunzTarPerm extractEntry lib/firebase.js
93 silly gunzTarPerm extractEntry lib/help.js
94 silly gunzTarPerm extractEntry lib/upload.js
95 silly gunzTarPerm extractEntry release.sh
96 silly lockFile 8bca8a93-npm-firebase-tools-1-1-3-package tar:///Users/Chris/.npm/firebase-tools/1.1.3/package
97 silly lockFile 8bca8a93-npm-firebase-tools-1-1-3-package tar:///Users/Chris/.npm/firebase-tools/1.1.3/package
98 silly lockFile b78f0d56-firebase-tools-1-1-3-package-tgz tar:///Users/Chris/.npm/firebase-tools/1.1.3/package.tgz
99 silly lockFile b78f0d56-firebase-tools-1-1-3-package-tgz tar:///Users/Chris/.npm/firebase-tools/1.1.3/package.tgz
100 verbose chmod /Users/Chris/.npm/firebase-tools/1.1.3/package.tgz 644
101 verbose chown /Users/Chris/.npm/firebase-tools/1.1.3/package.tgz [ 501, 20 ]
102 silly lockFile 63d3333c-e-tools-firebase-tools-1-1-3-tgz https://registry.npmjs.org/firebase-tools/-/firebase-tools-1.1.3.tgz
103 silly lockFile 63d3333c-e-tools-firebase-tools-1-1-3-tgz https://registry.npmjs.org/firebase-tools/-/firebase-tools-1.1.3.tgz
104 silly lockFile 64cbcf67-firebase-tools-1-1-3 firebase-tools@1.1.3
105 silly lockFile 64cbcf67-firebase-tools-1-1-3 firebase-tools@1.1.3
106 silly lockFile cedaa1af-firebase-tools firebase-tools@*
107 silly lockFile cedaa1af-firebase-tools firebase-tools@*
108 info outdated updating [ [ '/usr/local/lib',
108 info outdated     'firebase-tools',
108 info outdated     '1.0.6',
108 info outdated     '1.1.3',
108 info outdated     '1.1.3',
108 info outdated     '*' ] ]
109 verbose install where,what [ '/usr/local/lib', [ 'firebase-tools@1.1.3' ] ]
110 verbose cache add [ 'firebase-tools@1.1.3', null ]
111 verbose cache add name=undefined spec="firebase-tools@1.1.3" args=["firebase-tools@1.1.3",null]
112 verbose parsed url { protocol: null,
112 verbose parsed url   slashes: null,
112 verbose parsed url   auth: null,
112 verbose parsed url   host: null,
112 verbose parsed url   port: null,
112 verbose parsed url   hostname: null,
112 verbose parsed url   hash: null,
112 verbose parsed url   search: null,
112 verbose parsed url   query: null,
112 verbose parsed url   pathname: 'firebase-tools@1.1.3',
112 verbose parsed url   path: 'firebase-tools@1.1.3',
112 verbose parsed url   href: 'firebase-tools@1.1.3' }
113 verbose cache add name="firebase-tools" spec="1.1.3" args=["firebase-tools","1.1.3"]
114 verbose parsed url { protocol: null,
114 verbose parsed url   slashes: null,
114 verbose parsed url   auth: null,
114 verbose parsed url   host: null,
114 verbose parsed url   port: null,
114 verbose parsed url   hostname: null,
114 verbose parsed url   hash: null,
114 verbose parsed url   search: null,
114 verbose parsed url   query: null,
114 verbose parsed url   pathname: '1.1.3',
114 verbose parsed url   path: '1.1.3',
114 verbose parsed url   href: '1.1.3' }
115 verbose addNamed [ 'firebase-tools', '1.1.3' ]
116 verbose addNamed [ '1.1.3', '1.1.3' ]
117 silly lockFile 64cbcf67-firebase-tools-1-1-3 firebase-tools@1.1.3
118 verbose lock firebase-tools@1.1.3 /Users/Chris/.npm/64cbcf67-firebase-tools-1-1-3.lock
119 verbose url raw firebase-tools/1.1.3
120 verbose url resolving [ 'https://registry.npmjs.org/', './firebase-tools/1.1.3' ]
121 verbose url resolved https://registry.npmjs.org/firebase-tools/1.1.3
122 info trying registry request attempt 1 at 11:12:24
123 http GET https://registry.npmjs.org/firebase-tools/1.1.3
124 http 200 https://registry.npmjs.org/firebase-tools/1.1.3
125 silly registry.get cb [ 200,
125 silly registry.get   { date: 'Sat, 25 Oct 2014 15:12:24 GMT',
125 silly registry.get     server: 'CouchDB/1.5.0 (Erlang OTP/R16B03)',
125 silly registry.get     etag: '"43QI9QI7QAUS5D5A3BPDGCKEK"',
125 silly registry.get     'content-type': 'application/json',
125 silly registry.get     'cache-control': 'max-age=60',
125 silly registry.get     'content-length': '1453',
125 silly registry.get     'accept-ranges': 'bytes',
125 silly registry.get     via: '1.1 varnish',
125 silly registry.get     age: '0',
125 silly registry.get     'x-served-by': 'cache-jfk1032-JFK',
125 silly registry.get     'x-cache': 'MISS',
125 silly registry.get     'x-cache-hits': '0',
125 silly registry.get     'x-timer': 'S1414249944.616514,VS0,VE352',
125 silly registry.get     vary: 'Accept',
125 silly registry.get     'keep-alive': 'timeout=10, max=50',
125 silly registry.get     connection: 'Keep-Alive' } ]
126 silly lockFile 63d3333c-e-tools-firebase-tools-1-1-3-tgz https://registry.npmjs.org/firebase-tools/-/firebase-tools-1.1.3.tgz
127 verbose lock https://registry.npmjs.org/firebase-tools/-/firebase-tools-1.1.3.tgz /Users/Chris/.npm/63d3333c-e-tools-firebase-tools-1-1-3-tgz.lock
128 verbose addRemoteTarball [ 'https://registry.npmjs.org/firebase-tools/-/firebase-tools-1.1.3.tgz',
128 verbose addRemoteTarball   '843f267da82f7ec7c39e54cf38a4b5eb8c82b580' ]
129 info retry fetch attempt 1 at 11:12:24
130 verbose fetch to= /var/folders/64/ydwcllpj2r5cqxfq4nzj0q0h0000gn/T/npm-620-ftbqweKJ/1414249944536-0.3226047654170543/tmp.tgz
131 http GET https://registry.npmjs.org/firebase-tools/-/firebase-tools-1.1.3.tgz
132 http 200 https://registry.npmjs.org/firebase-tools/-/firebase-tools-1.1.3.tgz
133 verbose tar unpack /var/folders/64/ydwcllpj2r5cqxfq4nzj0q0h0000gn/T/npm-620-ftbqweKJ/1414249944536-0.3226047654170543/tmp.tgz
134 silly lockFile 4cdc48df-44536-0-3226047654170543-package tar:///var/folders/64/ydwcllpj2r5cqxfq4nzj0q0h0000gn/T/npm-620-ftbqweKJ/1414249944536-0.3226047654170543/package
135 verbose lock tar:///var/folders/64/ydwcllpj2r5cqxfq4nzj0q0h0000gn/T/npm-620-ftbqweKJ/1414249944536-0.3226047654170543/package /Users/Chris/.npm/4cdc48df-44536-0-3226047654170543-package.lock
136 silly lockFile 0bc63d8f-44536-0-3226047654170543-tmp-tgz tar:///var/folders/64/ydwcllpj2r5cqxfq4nzj0q0h0000gn/T/npm-620-ftbqweKJ/1414249944536-0.3226047654170543/tmp.tgz
137 verbose lock tar:///var/folders/64/ydwcllpj2r5cqxfq4nzj0q0h0000gn/T/npm-620-ftbqweKJ/1414249944536-0.3226047654170543/tmp.tgz /Users/Chris/.npm/0bc63d8f-44536-0-3226047654170543-tmp-tgz.lock
138 silly gunzTarPerm modes [ '755', '644' ]
139 silly gunzTarPerm extractEntry package.json
140 silly gunzTarPerm extractEntry .npmignore
141 silly gunzTarPerm extractEntry README.md
142 silly gunzTarPerm extractEntry CHANGELOG.md
143 silly gunzTarPerm extractEntry bin/firebase
144 silly gunzTarPerm extractEntry lib/api.js
145 silly gunzTarPerm extractEntry lib/app.js
146 silly gunzTarPerm extractEntry lib/auth.js
147 silly gunzTarPerm extractEntry lib/firebase.js
148 silly gunzTarPerm extractEntry lib/help.js
149 silly gunzTarPerm extractEntry lib/upload.js
150 silly gunzTarPerm extractEntry release.sh
151 silly lockFile 4cdc48df-44536-0-3226047654170543-package tar:///var/folders/64/ydwcllpj2r5cqxfq4nzj0q0h0000gn/T/npm-620-ftbqweKJ/1414249944536-0.3226047654170543/package
152 silly lockFile 4cdc48df-44536-0-3226047654170543-package tar:///var/folders/64/ydwcllpj2r5cqxfq4nzj0q0h0000gn/T/npm-620-ftbqweKJ/1414249944536-0.3226047654170543/package
153 silly lockFile 0bc63d8f-44536-0-3226047654170543-tmp-tgz tar:///var/folders/64/ydwcllpj2r5cqxfq4nzj0q0h0000gn/T/npm-620-ftbqweKJ/1414249944536-0.3226047654170543/tmp.tgz
154 silly lockFile 0bc63d8f-44536-0-3226047654170543-tmp-tgz tar:///var/folders/64/ydwcllpj2r5cqxfq4nzj0q0h0000gn/T/npm-620-ftbqweKJ/1414249944536-0.3226047654170543/tmp.tgz
155 verbose tar pack [ '/Users/Chris/.npm/firebase-tools/1.1.3/package.tgz',
155 verbose tar pack   '/var/folders/64/ydwcllpj2r5cqxfq4nzj0q0h0000gn/T/npm-620-ftbqweKJ/1414249944536-0.3226047654170543/package' ]
156 verbose tarball /Users/Chris/.npm/firebase-tools/1.1.3/package.tgz
157 verbose folder /var/folders/64/ydwcllpj2r5cqxfq4nzj0q0h0000gn/T/npm-620-ftbqweKJ/1414249944536-0.3226047654170543/package
158 silly lockFile 4cdc48df-44536-0-3226047654170543-package tar:///var/folders/64/ydwcllpj2r5cqxfq4nzj0q0h0000gn/T/npm-620-ftbqweKJ/1414249944536-0.3226047654170543/package
159 verbose lock tar:///var/folders/64/ydwcllpj2r5cqxfq4nzj0q0h0000gn/T/npm-620-ftbqweKJ/1414249944536-0.3226047654170543/package /Users/Chris/.npm/4cdc48df-44536-0-3226047654170543-package.lock
160 silly lockFile b78f0d56-firebase-tools-1-1-3-package-tgz tar:///Users/Chris/.npm/firebase-tools/1.1.3/package.tgz
161 verbose lock tar:///Users/Chris/.npm/firebase-tools/1.1.3/package.tgz /Users/Chris/.npm/b78f0d56-firebase-tools-1-1-3-package-tgz.lock
162 silly lockFile 4cdc48df-44536-0-3226047654170543-package tar:///var/folders/64/ydwcllpj2r5cqxfq4nzj0q0h0000gn/T/npm-620-ftbqweKJ/1414249944536-0.3226047654170543/package
163 silly lockFile 4cdc48df-44536-0-3226047654170543-package tar:///var/folders/64/ydwcllpj2r5cqxfq4nzj0q0h0000gn/T/npm-620-ftbqweKJ/1414249944536-0.3226047654170543/package
164 silly lockFile b78f0d56-firebase-tools-1-1-3-package-tgz tar:///Users/Chris/.npm/firebase-tools/1.1.3/package.tgz
165 silly lockFile b78f0d56-firebase-tools-1-1-3-package-tgz tar:///Users/Chris/.npm/firebase-tools/1.1.3/package.tgz
166 silly lockFile e1629dae-npm-firebase-tools-1-1-3-package /Users/Chris/.npm/firebase-tools/1.1.3/package
167 verbose lock /Users/Chris/.npm/firebase-tools/1.1.3/package /Users/Chris/.npm/e1629dae-npm-firebase-tools-1-1-3-package.lock
168 silly lockFile e1629dae-npm-firebase-tools-1-1-3-package /Users/Chris/.npm/firebase-tools/1.1.3/package
169 silly lockFile e1629dae-npm-firebase-tools-1-1-3-package /Users/Chris/.npm/firebase-tools/1.1.3/package
170 verbose tar unpack /Users/Chris/.npm/firebase-tools/1.1.3/package.tgz
171 silly lockFile 8bca8a93-npm-firebase-tools-1-1-3-package tar:///Users/Chris/.npm/firebase-tools/1.1.3/package
172 verbose lock tar:///Users/Chris/.npm/firebase-tools/1.1.3/package /Users/Chris/.npm/8bca8a93-npm-firebase-tools-1-1-3-package.lock
173 silly lockFile b78f0d56-firebase-tools-1-1-3-package-tgz tar:///Users/Chris/.npm/firebase-tools/1.1.3/package.tgz
174 verbose lock tar:///Users/Chris/.npm/firebase-tools/1.1.3/package.tgz /Users/Chris/.npm/b78f0d56-firebase-tools-1-1-3-package-tgz.lock
175 silly gunzTarPerm modes [ '755', '644' ]
176 silly gunzTarPerm extractEntry package.json
177 silly gunzTarPerm extractEntry .npmignore
178 silly gunzTarPerm extractEntry README.md
179 silly gunzTarPerm extractEntry CHANGELOG.md
180 silly gunzTarPerm extractEntry bin/firebase
181 silly gunzTarPerm extractEntry lib/api.js
182 silly gunzTarPerm extractEntry lib/app.js
183 silly gunzTarPerm extractEntry lib/auth.js
184 silly gunzTarPerm extractEntry lib/firebase.js
185 silly gunzTarPerm extractEntry lib/help.js
186 silly gunzTarPerm extractEntry lib/upload.js
187 silly gunzTarPerm extractEntry release.sh
188 silly lockFile 8bca8a93-npm-firebase-tools-1-1-3-package tar:///Users/Chris/.npm/firebase-tools/1.1.3/package
189 silly lockFile 8bca8a93-npm-firebase-tools-1-1-3-package tar:///Users/Chris/.npm/firebase-tools/1.1.3/package
190 silly lockFile b78f0d56-firebase-tools-1-1-3-package-tgz tar:///Users/Chris/.npm/firebase-tools/1.1.3/package.tgz
191 silly lockFile b78f0d56-firebase-tools-1-1-3-package-tgz tar:///Users/Chris/.npm/firebase-tools/1.1.3/package.tgz
192 verbose chmod /Users/Chris/.npm/firebase-tools/1.1.3/package.tgz 644
193 verbose chown /Users/Chris/.npm/firebase-tools/1.1.3/package.tgz [ 501, 20 ]
194 silly lockFile 63d3333c-e-tools-firebase-tools-1-1-3-tgz https://registry.npmjs.org/firebase-tools/-/firebase-tools-1.1.3.tgz
195 silly lockFile 63d3333c-e-tools-firebase-tools-1-1-3-tgz https://registry.npmjs.org/firebase-tools/-/firebase-tools-1.1.3.tgz
196 silly lockFile 64cbcf67-firebase-tools-1-1-3 firebase-tools@1.1.3
197 silly lockFile 64cbcf67-firebase-tools-1-1-3 firebase-tools@1.1.3
198 silly resolved [ { name: 'firebase-tools',
198 silly resolved     preferGlobal: true,
198 silly resolved     version: '1.1.3',
198 silly resolved     description: 'The Firebase Command Line Tools',
198 silly resolved     keywords:
198 silly resolved      [ 'firebase',
198 silly resolved        'hosting',
198 silly resolved        'ssl',
198 silly resolved        'cdn',
198 silly resolved        'cli',
198 silly resolved        'synchronization',
198 silly resolved        'real-time',
198 silly resolved        'websockets',
198 silly resolved        'cloud' ],
198 silly resolved     author: { name: 'Firebase', email: 'support@firebase.com' },
198 silly resolved     contributors: [ [Object], [Object], [Object] ],
198 silly resolved     repository:
198 silly resolved      { type: 'git',
198 silly resolved        url: 'https://github.com/firebase/firebase-tools.git' },
198 silly resolved     homepage: 'https://github.com/firebase/firebase-tools',
198 silly resolved     dependencies:
198 silly resolved      { optimist: '0.6.x',
198 silly resolved        prompt: '0.2.x',
198 silly resolved        tar: '0.1.x',
198 silly resolved        open: '0.0.x',
198 silly resolved        request: '2.34.x',
198 silly resolved        'fstream-ignore': '0.0.x',
198 silly resolved        temp: '0.6.x',
198 silly resolved        firebase: '~1.0.11',
198 silly resolved        progress: '~1.1.5',
198 silly resolved        when: '3.1.0',
198 silly resolved        chalk: '~0.4.0' },
198 silly resolved     bin: { firebase: './bin/firebase' },
198 silly resolved     engines: { node: '>=0.10.0' },
198 silly resolved     engineStrict: true,
198 silly resolved     readme: '# firebase-tools\n\n[![NPM version](https://badge.fury.io/js/firebase-tools.svg)](http://badge.fury.io/js/firebase-tools)\n\nThese are the Firebase Command Line (CLI) Tools. They can be used to:\n\n* Administer your Firebase account\n* Interact with [Firebase Hosting](https://www.firebase.com/hosting.html), our product to host your HTML, JS, CSS, images, etc.\n\nTo get started with the Firebase CLI, [read through our hosting quickstart guide](https://www.firebase.com/docs/hosting.html).\n\n## Installation\n\nTo install the Firebase CLI, you first need to [sign up for a Firebase account](https://www.firebase.com/signup/).\nThen you need to install [Node.js](http://nodejs.org/) and [npm](https://npmjs.org/).\nNote that installing Node.js should install npm as well.\n\nOnce npm is installed, get the Firebase CLI by running the following shell command:\n\n```shell\nnpm install -g firebase-tools\n```\n\nThis will provide you with the globally accessible `firebase` command.\n\n## Commands\n\nThe command `firebase --help` lists the available commands and\n`firebase <command> --help` shows more details for an individual command.\n\nHere is the output of running `firebase --help`:\n\n```shell\nUsage: firebase <command>\n\n  Available commands are:\n\n  bootstrap\n    Creates a new Firebase powered app from a prebuilt template to quickly\n    get a project up and running. This creates a new folder and prompts\n    you through all the required settings.\n\n  deploy\n    Deploys the current app to Firebase Hosting and creates your subdomain on\n    firebaseapp.com if it doesn\'t exist already.\n\n  init\n    Initializes an existing Firebase app in the current directory and prompts\n    you through configuring it for firebaseapp.com.\n\n  open\n    Opens the URL of the current Firebase app in a browser.\n\n  list\n    Lists the Firebases available to the currently logged in user.\n\n  delete-site\n    Deletes the current app from Firebase Hosting and displays a\n    \'Site not Found\' page as if the site had never been deployed to.\n\n  login\n    Logs the user into Firebase. All commands that require login will prompt\n    you if you\'re not currently logged in.\n\n  logout\n    Logs the user out of Firebase.\n\n  -h, --help\n    Shows this help screen. Use `firebase <command> --help` for more\n    detailed help instructions.\n\n  -v, --version\n    Displays the current version.\n\n  -s, --silent\n    Silent mode for scripting - commands will error with non-zero status code\n    instead of waiting for prompt if not enough information supplied.\n```\n\n## Credit\n\nInspired by [Luke Vivier](https://github.com/lvivier/)\'s Firebase command line tools.\n\n## License\n[MIT](http://firebase.mit-license.org)\n',
198 silly resolved     readmeFilename: 'README.md',
198 silly resolved     bugs: { url: 'https://github.com/firebase/firebase-tools/issues' },
198 silly resolved     _id: 'firebase-tools@1.1.3',
198 silly resolved     dist: { shasum: '843f267da82f7ec7c39e54cf38a4b5eb8c82b580' },
198 silly resolved     _from: 'firebase-tools@1.1.3',
198 silly resolved     _resolved: 'https://registry.npmjs.org/firebase-tools/-/firebase-tools-1.1.3.tgz' } ]
199 info install firebase-tools@1.1.3 into /usr/local/lib
200 info installOne firebase-tools@1.1.3
201 info /usr/local/lib/node_modules/firebase-tools unbuild
202 info preuninstall firebase-tools@1.0.6
203 info uninstall firebase-tools@1.0.6
204 verbose true,/usr/local/lib/node_modules,/usr/local/lib/node_modules unbuild firebase-tools@1.0.6
205 verbose /usr/local/bin,[object Object] binRoot
206 info /usr/local/lib/node_modules/firebase-tools unbuild
207 info preuninstall firebase-tools@1.0.6
208 info uninstall firebase-tools@1.0.6
209 verbose true,/usr/local/lib/node_modules,/usr/local/lib/node_modules unbuild firebase-tools@1.0.6
210 verbose /usr/local/bin,[object Object] binRoot
211 error error rolling back Error: EACCES, unlink '/usr/local/bin/firebase'
211 error error rolling back  firebase-tools@1.1.3 { [Error: EACCES, unlink '/usr/local/bin/firebase'] errno: 3, code: 'EACCES', path: '/usr/local/bin/firebase' }
212 error Error: EACCES, unlink '/usr/local/bin/firebase'
212 error  { [Error: EACCES, unlink '/usr/local/bin/firebase'] errno: 3, code: 'EACCES', path: '/usr/local/bin/firebase' }
213 error Please try running this command again as root/Administrator.
214 error System Darwin 13.4.0
215 error command "node" "/usr/local/bin/npm" "update" "-g" "firebase-tools"
216 error cwd /Library/Frameworks/Python.framework/Versions/2.7/lib/python2.7/site-packages/fluttr
217 error node -v v0.10.25
218 error npm -v 1.3.24
219 error path /usr/local/bin/firebase
220 error code EACCES
221 error errno 3
222 error stack Error: EACCES, unlink '/usr/local/bin/firebase'
223 verbose exit [ 3, true ]
